<?xml version="1.0" encoding="utf-8"?><testsuites><testsuite errors="0" failures="2" hostname="ubuntu" name="pytest" skipped="0" tests="3" time="0.883" timestamp="2022-10-13T08:43:43.234966"><testcase classname="py_srvcli.test.test_copyright" file="test/test_copyright.py" line="18" name="test_copyright" time="0.089"><failure message="AssertionError: Found errors
assert 1 == 0">test/test_copyright.py:23: in test_copyright
    assert rc == 0, &apos;Found errors&apos;
E   AssertionError: Found errors
E   assert 1 == 0</failure><system-err>py_srvcli/client_member_function.py: could not find copyright notice
py_srvcli/service_member_function.py: could not find copyright notice
2 errors, checked 6 files
</system-err></testcase><testcase classname="py_srvcli.test.test_flake8" file="test/test_flake8.py" line="18" name="test_flake8" time="0.359"><failure message="AssertionError: Found 11 code style errors / warnings:
  ./setup.py:23:9: E122 continuation line missing indentation or outdented
  ./setup.py:24:9: E122 continuation line missing indentation or outdented
  ./setup.py:26:7: W291 trailing whitespace
  ./py_srvcli/service_member_function.py:11:100: E501 line too long (100 &gt; 99 characters)
  ./py_srvcli/service_member_function.py:14:57: W291 trailing whitespace
  ./py_srvcli/service_member_function.py:15:100: E501 line too long (105 &gt; 99 characters)
  ./py_srvcli/client_member_function.py:15:1: W293 blank line contains whitespace
  ./py_srvcli/client_member_function.py:41:100: E501 line too long (110 &gt; 99 characters)
  ./py_srvcli/client_member_function.py:42:100: E501 line too long (110 &gt; 99 characters)
  ./py_srvcli/client_member_function.py:42:102: E261 at least two spaces before inline comment
  ./py_srvcli/client_member_function.py:48:1: E305 expected 2 blank lines after class or function definition, found 1
assert 1 == 0">test/test_flake8.py:23: in test_flake8
    assert rc == 0, \
E   AssertionError: Found 11 code style errors / warnings:
E     ./setup.py:23:9: E122 continuation line missing indentation or outdented
E     ./setup.py:24:9: E122 continuation line missing indentation or outdented
E     ./setup.py:26:7: W291 trailing whitespace
E     ./py_srvcli/service_member_function.py:11:100: E501 line too long (100 &gt; 99 characters)
E     ./py_srvcli/service_member_function.py:14:57: W291 trailing whitespace
E     ./py_srvcli/service_member_function.py:15:100: E501 line too long (105 &gt; 99 characters)
E     ./py_srvcli/client_member_function.py:15:1: W293 blank line contains whitespace
E     ./py_srvcli/client_member_function.py:41:100: E501 line too long (110 &gt; 99 characters)
E     ./py_srvcli/client_member_function.py:42:100: E501 line too long (110 &gt; 99 characters)
E     ./py_srvcli/client_member_function.py:42:102: E261 at least two spaces before inline comment
E     ./py_srvcli/client_member_function.py:48:1: E305 expected 2 blank lines after class or function definition, found 1
E   assert 1 == 0</failure><system-out>
./setup.py:23:9: E122 continuation line missing indentation or outdented
        &apos;service = py_srvcli.service_member_function:main&apos;,
        ^

./setup.py:24:9: E122 continuation line missing indentation or outdented
        &apos;client = py_srvcli.client_member_function:main&apos;,
        ^

./setup.py:26:7: W291 trailing whitespace
    }, 
      ^

./py_srvcli/service_member_function.py:11:100: E501 line too long (100 &gt; 99 characters)
        self.srv = self.create_service(AddThreeInts, &apos;add_three_ints&apos;, self.add_three_ints_callback)
                                                                                                   ^

./py_srvcli/service_member_function.py:14:57: W291 trailing whitespace
        response.sum = request.a + request.b + request.c                                                  
                                                        ^

./py_srvcli/service_member_function.py:15:100: E501 line too long (105 &gt; 99 characters)
        self.get_logger().info(&apos;Incoming request\na: %d b: %d c: %d&apos; % (request.a, request.b, request.c))
                                                                                                   ^

./py_srvcli/client_member_function.py:15:1: W293 blank line contains whitespace
        
^

./py_srvcli/client_member_function.py:41:100: E501 line too long (110 &gt; 99 characters)
                    &apos;Result of add_three_ints: for %d + %d + %d = %d&apos; %                               # CHANGE
                                                                                                   ^

./py_srvcli/client_member_function.py:42:100: E501 line too long (110 &gt; 99 characters)
                    (minimal_client.req.a, minimal_client.req.b, minimal_client.req.c, response.sum)) # CHANGE
                                                                                                   ^

./py_srvcli/client_member_function.py:42:102: E261 at least two spaces before inline comment
                    (minimal_client.req.a, minimal_client.req.b, minimal_client.req.c, response.sum)) # CHANGE
                                                                                                     ^

./py_srvcli/client_member_function.py:48:1: E305 expected 2 blank lines after class or function definition, found 1
if __name__ == &apos;__main__&apos;:
^

2     E122 continuation line missing indentation or outdented
1     E261 at least two spaces before inline comment
1     E305 expected 2 blank lines after class or function definition, found 1
4     E501 line too long (110 &gt; 99 characters)
2     W291 trailing whitespace
1     W293 blank line contains whitespace

7 files checked
11 errors

&apos;E&apos;-type errors: 8
&apos;W&apos;-type errors: 3

Checked files:

* ./setup.py
* ./py_srvcli/service_member_function.py
* ./py_srvcli/__init__.py
* ./py_srvcli/client_member_function.py
* ./test/test_copyright.py
* ./test/test_flake8.py
* ./test/test_pep257.py
</system-out></testcase><testcase classname="py_srvcli.test.test_pep257" file="test/test_pep257.py" line="18" name="test_pep257" time="0.058"><system-out>checking ./py_srvcli/__init__.py
checking ./py_srvcli/client_member_function.py
checking ./py_srvcli/service_member_function.py
checking ./setup.py
checking ./test/test_copyright.py
checking ./test/test_flake8.py
checking ./test/test_pep257.py
checking test/test_copyright.py
checking test/test_flake8.py
checking test/test_pep257.py
No problems found
</system-out></testcase></testsuite></testsuites>