[0.776s] Invoking command in '/home/foxy/ros2_ws/src/py_srvcli': AMENT_PREFIX_PATH=/home/foxy/ros2_ws/install/py_srvcli:${AMENT_PREFIX_PATH} PYTEST_ADDOPTS=--tb=short --junit-xml=/home/foxy/ros2_ws/build/py_srvcli/pytest.xml --junit-prefix=py_srvcli -o cache_dir=/home/foxy/ros2_ws/build/py_srvcli/.pytest_cache PYTHONPATH=/home/foxy/ros2_ws/build/py_srvcli:/home/foxy/ros2_ws/install/py_srvcli/lib/python3.8/site-packages:${PYTHONPATH} /usr/bin/python3 -m pytest
[2.362s] [1m============================= test session starts ==============================[0m
[2.363s] platform linux -- Python 3.8.10, pytest-4.6.9, py-1.8.1, pluggy-0.13.0
[2.378s] cachedir: /home/foxy/ros2_ws/build/py_srvcli/.pytest_cache
[2.379s] rootdir: /home/foxy/ros2_ws/src/py_srvcli
[2.379s] plugins: ament-copyright-0.9.7, ament-lint-0.9.7, ament-xmllint-0.9.7, ament-flake8-0.9.7, launch-testing-ros-0.11.7, launch-testing-0.10.9, ament-pep257-0.9.7, colcon-core-0.10.0, cov-2.8.1
[2.561s] [1mcollecting ... [0m[1m
[2.561s] collected 3 items                                                              [0m
[2.566s] 
[2.677s] test/test_copyright.py [31mF[0m[36m                                                 [ 33%][0m
[2.939s] test/test_flake8.py [31mF[0m[36m                                                    [ 66%][0m
[2.993s] test/test_pep257.py [32m.[0m[36m                                                    [100%][0m
[2.994s] 
[2.994s] =================================== FAILURES ===================================
[2.995s] [31m[1m________________________________ test_copyright ________________________________[0m
[2.995s] [1m[31mtest/test_copyright.py[0m:23: in test_copyright
[2.996s] [1m    assert rc == 0, 'Found errors'[0m
[2.997s] [1m[31mE   AssertionError: Found errors[0m
[2.998s] [1m[31mE   assert 1 == 0[0m
[2.998s] ----------------------------- Captured stderr call -----------------------------
[2.998s] py_srvcli/client_member_function.py: could not find copyright notice
[2.999s] py_srvcli/service_member_function.py: could not find copyright notice
[2.999s] 2 errors, checked 6 files
[3.000s] [31m[1m_________________________________ test_flake8 __________________________________[0m
[3.000s] [1m[31mtest/test_flake8.py[0m:23: in test_flake8
[3.001s] [1m    assert rc == 0, \[0m
[3.001s] [1m[31mE   AssertionError: Found 3 code style errors / warnings:[0m
[3.001s] [1m[31mE     ./setup.py:23:9: E122 continuation line missing indentation or outdented[0m
[3.001s] [1m[31mE     ./setup.py:24:9: E122 continuation line missing indentation or outdented[0m
[3.002s] [1m[31mE     ./setup.py:26:7: W291 trailing whitespace[0m
[3.003s] [1m[31mE   assert 1 == 0[0m
[3.003s] ----------------------------- Captured stdout call -----------------------------
[3.004s] 
[3.004s] ./setup.py:23:9: E122 continuation line missing indentation or outdented
[3.005s]         'service = py_srvcli.service_member_function:main',
[3.005s]         ^
[3.005s] 
[3.005s] ./setup.py:24:9: E122 continuation line missing indentation or outdented
[3.005s]         'client = py_srvcli.client_member_function:main',
[3.005s]         ^
[3.005s] 
[3.005s] ./setup.py:26:7: W291 trailing whitespace
[3.006s]     }, 
[3.006s]       ^
[3.006s] 
[3.006s] 2     E122 continuation line missing indentation or outdented
[3.007s] 1     W291 trailing whitespace
[3.007s] 
[3.007s] 7 files checked
[3.007s] 3 errors
[3.007s] 
[3.007s] 'E'-type errors: 2
[3.007s] 'W'-type errors: 1
[3.007s] 
[3.007s] Checked files:
[3.008s] 
[3.009s] * ./setup.py
[3.009s] * ./py_srvcli/service_member_function.py
[3.009s] * ./py_srvcli/__init__.py
[3.009s] * ./py_srvcli/client_member_function.py
[3.009s] * ./test/test_copyright.py
[3.010s] * ./test/test_flake8.py
[3.010s] * ./test/test_pep257.py
[3.010s] ------ generated xml file: /home/foxy/ros2_ws/build/py_srvcli/pytest.xml -------
[3.010s] [31m[1m================ 2 failed, 1 passed, 1 warnings in 0.64 seconds ================[0m
[3.010s] [33m=============================== warnings summary ===============================[0m
[3.010s] /usr/lib/python3/dist-packages/pydocstyle/config.py:6
[3.010s]   Warning: Using or importing the ABCs from 'collections' instead of from 'collections.abc' is deprecated since Python 3.3, and in 3.10 it will stop working
[3.010s] 
[3.011s] -- Docs: https://docs.pytest.org/en/latest/warnings.html
[3.140s] Invoked command in '/home/foxy/ros2_ws/src/py_srvcli' returned '1': AMENT_PREFIX_PATH=/home/foxy/ros2_ws/install/py_srvcli:${AMENT_PREFIX_PATH} PYTEST_ADDOPTS=--tb=short --junit-xml=/home/foxy/ros2_ws/build/py_srvcli/pytest.xml --junit-prefix=py_srvcli -o cache_dir=/home/foxy/ros2_ws/build/py_srvcli/.pytest_cache PYTHONPATH=/home/foxy/ros2_ws/build/py_srvcli:/home/foxy/ros2_ws/install/py_srvcli/lib/python3.8/site-packages:${PYTHONPATH} /usr/bin/python3 -m pytest
