<?xml version="1.0" encoding="UTF-8"?>
<Site BuildName="(empty)"
	BuildStamp="20221013-1542-Experimental"
	Name="ubuntu"
	Generator="ctest-3.16.3"
	CompilerName="/usr/bin/c++"
	CompilerVersion="9.4.0"
	OSName="Linux"
	Hostname="ubuntu"
	OSRelease="5.15.0-50-generic"
	OSVersion="#56~20.04.1-Ubuntu SMP Tue Sep 27 15:51:29 UTC 2022"
	OSPlatform="x86_64"
	Is64Bits="1"
	VendorString="GenuineIntel"
	VendorID="Intel Corporation"
	FamilyID="6"
	ModelID="142"
	ProcessorCacheSize="2048"
	NumberOfLogicalCPU="2"
	NumberOfPhysicalCPU="2"
	TotalVirtualMemory="923"
	TotalPhysicalMemory="1941"
	LogicalProcessorsPerPhysical="1"
	ProcessorClockFrequency="1896"
	>
	<Testing>
		<StartDateTime>Oct 13 08:42 PDT</StartDateTime>
		<StartTestTime>1665675759</StartTestTime>
		<TestList>
			<Test>./copyright</Test>
			<Test>./lint_cmake</Test>
			<Test>./xmllint</Test>
		</TestList>
		<Test Status="passed">
			<Name>copyright</Name>
			<Path>.</Path>
			<FullName>./copyright</FullName>
			<FullCommandLine>/usr/bin/python3 "-u" "/opt/ros/foxy/share/ament_cmake_test/cmake/run_test.py" "/home/foxy/ros2_ws/build/tutorial_interfaces/test_results/tutorial_interfaces/copyright.xunit.xml" "--package-name" "tutorial_interfaces" "--output-file" "/home/foxy/ros2_ws/build/tutorial_interfaces/ament_copyright/copyright.txt" "--command" "/opt/ros/foxy/bin/ament_copyright" "--xunit-file" "/home/foxy/ros2_ws/build/tutorial_interfaces/test_results/tutorial_interfaces/copyright.xunit.xml"</FullCommandLine>
			<Results>
				<NamedMeasurement type="numeric/double" name="Execution Time">
					<Value>2.46054</Value>
				</NamedMeasurement>
				<NamedMeasurement type="numeric/double" name="Processors">
					<Value>1</Value>
				</NamedMeasurement>
				<NamedMeasurement type="text/string" name="Completion Status">
					<Value>Completed</Value>
				</NamedMeasurement>
				<NamedMeasurement type="text/string" name="Command Line">
					<Value>/usr/bin/python3 "-u" "/opt/ros/foxy/share/ament_cmake_test/cmake/run_test.py" "/home/foxy/ros2_ws/build/tutorial_interfaces/test_results/tutorial_interfaces/copyright.xunit.xml" "--package-name" "tutorial_interfaces" "--output-file" "/home/foxy/ros2_ws/build/tutorial_interfaces/ament_copyright/copyright.txt" "--command" "/opt/ros/foxy/bin/ament_copyright" "--xunit-file" "/home/foxy/ros2_ws/build/tutorial_interfaces/test_results/tutorial_interfaces/copyright.xunit.xml"</Value>
				</NamedMeasurement>
				<Measurement>
					<Value>-- run_test.py: invoking following command in '/home/foxy/ros2_ws/src/tutorial_interfaces':
 - /opt/ros/foxy/bin/ament_copyright --xunit-file /home/foxy/ros2_ws/build/tutorial_interfaces/test_results/tutorial_interfaces/copyright.xunit.xml
No repository roots and files found
No problems found, checked 0 files
-- run_test.py: return code 0
-- run_test.py: verify result file '/home/foxy/ros2_ws/build/tutorial_interfaces/test_results/tutorial_interfaces/copyright.xunit.xml'
</Value>
				</Measurement>
			</Results>
			<Labels>
				<Label>copyright</Label>
				<Label>linter</Label>
			</Labels>
		</Test>
		<Test Status="passed">
			<Name>lint_cmake</Name>
			<Path>.</Path>
			<FullName>./lint_cmake</FullName>
			<FullCommandLine>/usr/bin/python3 "-u" "/opt/ros/foxy/share/ament_cmake_test/cmake/run_test.py" "/home/foxy/ros2_ws/build/tutorial_interfaces/test_results/tutorial_interfaces/lint_cmake.xunit.xml" "--package-name" "tutorial_interfaces" "--output-file" "/home/foxy/ros2_ws/build/tutorial_interfaces/ament_lint_cmake/lint_cmake.txt" "--command" "/opt/ros/foxy/bin/ament_lint_cmake" "--xunit-file" "/home/foxy/ros2_ws/build/tutorial_interfaces/test_results/tutorial_interfaces/lint_cmake.xunit.xml"</FullCommandLine>
			<Results>
				<NamedMeasurement type="numeric/double" name="Execution Time">
					<Value>0.789463</Value>
				</NamedMeasurement>
				<NamedMeasurement type="numeric/double" name="Processors">
					<Value>1</Value>
				</NamedMeasurement>
				<NamedMeasurement type="text/string" name="Completion Status">
					<Value>Completed</Value>
				</NamedMeasurement>
				<NamedMeasurement type="text/string" name="Command Line">
					<Value>/usr/bin/python3 "-u" "/opt/ros/foxy/share/ament_cmake_test/cmake/run_test.py" "/home/foxy/ros2_ws/build/tutorial_interfaces/test_results/tutorial_interfaces/lint_cmake.xunit.xml" "--package-name" "tutorial_interfaces" "--output-file" "/home/foxy/ros2_ws/build/tutorial_interfaces/ament_lint_cmake/lint_cmake.txt" "--command" "/opt/ros/foxy/bin/ament_lint_cmake" "--xunit-file" "/home/foxy/ros2_ws/build/tutorial_interfaces/test_results/tutorial_interfaces/lint_cmake.xunit.xml"</Value>
				</NamedMeasurement>
				<Measurement>
					<Value>-- run_test.py: invoking following command in '/home/foxy/ros2_ws/src/tutorial_interfaces':
 - /opt/ros/foxy/bin/ament_lint_cmake --xunit-file /home/foxy/ros2_ws/build/tutorial_interfaces/test_results/tutorial_interfaces/lint_cmake.xunit.xml

No problems found
-- run_test.py: return code 0
-- run_test.py: verify result file '/home/foxy/ros2_ws/build/tutorial_interfaces/test_results/tutorial_interfaces/lint_cmake.xunit.xml'
</Value>
				</Measurement>
			</Results>
			<Labels>
				<Label>lint_cmake</Label>
				<Label>linter</Label>
			</Labels>
		</Test>
		<Test Status="failed">
			<Name>xmllint</Name>
			<Path>.</Path>
			<FullName>./xmllint</FullName>
			<FullCommandLine>/usr/bin/python3 "-u" "/opt/ros/foxy/share/ament_cmake_test/cmake/run_test.py" "/home/foxy/ros2_ws/build/tutorial_interfaces/test_results/tutorial_interfaces/xmllint.xunit.xml" "--package-name" "tutorial_interfaces" "--output-file" "/home/foxy/ros2_ws/build/tutorial_interfaces/ament_xmllint/xmllint.txt" "--command" "/opt/ros/foxy/bin/ament_xmllint" "--xunit-file" "/home/foxy/ros2_ws/build/tutorial_interfaces/test_results/tutorial_interfaces/xmllint.xunit.xml"</FullCommandLine>
			<Results>
				<NamedMeasurement type="text/string" name="Exit Code">
					<Value>Failed</Value>
				</NamedMeasurement>
				<NamedMeasurement type="text/string" name="Exit Value">
					<Value>1</Value>
				</NamedMeasurement>
				<NamedMeasurement type="numeric/double" name="Execution Time">
					<Value>6.66018</Value>
				</NamedMeasurement>
				<NamedMeasurement type="numeric/double" name="Processors">
					<Value>1</Value>
				</NamedMeasurement>
				<NamedMeasurement type="text/string" name="Completion Status">
					<Value>Completed</Value>
				</NamedMeasurement>
				<NamedMeasurement type="text/string" name="Command Line">
					<Value>/usr/bin/python3 "-u" "/opt/ros/foxy/share/ament_cmake_test/cmake/run_test.py" "/home/foxy/ros2_ws/build/tutorial_interfaces/test_results/tutorial_interfaces/xmllint.xunit.xml" "--package-name" "tutorial_interfaces" "--output-file" "/home/foxy/ros2_ws/build/tutorial_interfaces/ament_xmllint/xmllint.txt" "--command" "/opt/ros/foxy/bin/ament_xmllint" "--xunit-file" "/home/foxy/ros2_ws/build/tutorial_interfaces/test_results/tutorial_interfaces/xmllint.xunit.xml"</Value>
				</NamedMeasurement>
				<Measurement>
					<Value>-- run_test.py: invoking following command in '/home/foxy/ros2_ws/src/tutorial_interfaces':
 - /opt/ros/foxy/bin/ament_xmllint --xunit-file /home/foxy/ros2_ws/build/tutorial_interfaces/test_results/tutorial_interfaces/xmllint.xunit.xml
File 'package.xml' is invalid:
/home/foxy/ros2_ws/src/tutorial_interfaces/package.xml:20: element test_depend: Schemas validity error : Element 'test_depend': This element is not expected. Expected is one of ( member_of_group, export ).
/home/foxy/ros2_ws/src/tutorial_interfaces/package.xml fails to validate

1 files are invalid
-- run_test.py: return code 1
-- run_test.py: verify result file '/home/foxy/ros2_ws/build/tutorial_interfaces/test_results/tutorial_interfaces/xmllint.xunit.xml'
</Value>
				</Measurement>
			</Results>
			<Labels>
				<Label>linter</Label>
				<Label>xmllint</Label>
			</Labels>
		</Test>
		<EndDateTime>Oct 13 08:42 PDT</EndDateTime>
		<EndTestTime>1665675769</EndTestTime>
		<ElapsedMinutes>0</ElapsedMinutes>
	</Testing>
</Site>
