Start testing: Oct 13 08:43 PDT
----------------------------------------------------------
1/6 Testing: copyright
1/6 Test: copyright
Command: "/usr/bin/python3" "-u" "/opt/ros/foxy/share/ament_cmake_test/cmake/run_test.py" "/home/foxy/ros2_ws/build/examples_rclcpp_minimal_service/test_results/examples_rclcpp_minimal_service/copyright.xunit.xml" "--package-name" "examples_rclcpp_minimal_service" "--output-file" "/home/foxy/ros2_ws/build/examples_rclcpp_minimal_service/ament_copyright/copyright.txt" "--command" "/opt/ros/foxy/bin/ament_copyright" "--xunit-file" "/home/foxy/ros2_ws/build/examples_rclcpp_minimal_service/test_results/examples_rclcpp_minimal_service/copyright.xunit.xml"
Directory: /home/foxy/ros2_ws/src/examples/rclcpp/services/minimal_service
"copyright" start time: Oct 13 08:43 PDT
Output:
----------------------------------------------------------
-- run_test.py: invoking following command in '/home/foxy/ros2_ws/src/examples/rclcpp/services/minimal_service':
 - /opt/ros/foxy/bin/ament_copyright --xunit-file /home/foxy/ros2_ws/build/examples_rclcpp_minimal_service/test_results/examples_rclcpp_minimal_service/copyright.xunit.xml
No problems found, checked 1 files
-- run_test.py: return code 0
-- run_test.py: verify result file '/home/foxy/ros2_ws/build/examples_rclcpp_minimal_service/test_results/examples_rclcpp_minimal_service/copyright.xunit.xml'
<end of output>
Test time =   1.02 sec
----------------------------------------------------------
Test Passed.
"copyright" end time: Oct 13 08:43 PDT
"copyright" time elapsed: 00:00:01
----------------------------------------------------------

2/6 Testing: cppcheck
2/6 Test: cppcheck
Command: "/usr/bin/python3" "-u" "/opt/ros/foxy/share/ament_cmake_test/cmake/run_test.py" "/home/foxy/ros2_ws/build/examples_rclcpp_minimal_service/test_results/examples_rclcpp_minimal_service/cppcheck.xunit.xml" "--package-name" "examples_rclcpp_minimal_service" "--output-file" "/home/foxy/ros2_ws/build/examples_rclcpp_minimal_service/ament_cppcheck/cppcheck.txt" "--command" "/opt/ros/foxy/bin/ament_cppcheck" "--xunit-file" "/home/foxy/ros2_ws/build/examples_rclcpp_minimal_service/test_results/examples_rclcpp_minimal_service/cppcheck.xunit.xml"
Directory: /home/foxy/ros2_ws/src/examples/rclcpp/services/minimal_service
"cppcheck" start time: Oct 13 08:43 PDT
Output:
----------------------------------------------------------
-- run_test.py: invoking following command in '/home/foxy/ros2_ws/src/examples/rclcpp/services/minimal_service':
 - /opt/ros/foxy/bin/ament_cppcheck --xunit-file /home/foxy/ros2_ws/build/examples_rclcpp_minimal_service/test_results/examples_rclcpp_minimal_service/cppcheck.xunit.xml
No problems found
-- run_test.py: return code 0
-- run_test.py: verify result file '/home/foxy/ros2_ws/build/examples_rclcpp_minimal_service/test_results/examples_rclcpp_minimal_service/cppcheck.xunit.xml'
<end of output>
Test time =   1.00 sec
----------------------------------------------------------
Test Passed.
"cppcheck" end time: Oct 13 08:43 PDT
"cppcheck" time elapsed: 00:00:00
----------------------------------------------------------

3/6 Testing: cpplint
3/6 Test: cpplint
Command: "/usr/bin/python3" "-u" "/opt/ros/foxy/share/ament_cmake_test/cmake/run_test.py" "/home/foxy/ros2_ws/build/examples_rclcpp_minimal_service/test_results/examples_rclcpp_minimal_service/cpplint.xunit.xml" "--package-name" "examples_rclcpp_minimal_service" "--output-file" "/home/foxy/ros2_ws/build/examples_rclcpp_minimal_service/ament_cpplint/cpplint.txt" "--command" "/opt/ros/foxy/bin/ament_cpplint" "--xunit-file" "/home/foxy/ros2_ws/build/examples_rclcpp_minimal_service/test_results/examples_rclcpp_minimal_service/cpplint.xunit.xml"
Directory: /home/foxy/ros2_ws/src/examples/rclcpp/services/minimal_service
"cpplint" start time: Oct 13 08:43 PDT
Output:
----------------------------------------------------------
-- run_test.py: invoking following command in '/home/foxy/ros2_ws/src/examples/rclcpp/services/minimal_service':
 - /opt/ros/foxy/bin/ament_cpplint --xunit-file /home/foxy/ros2_ws/build/examples_rclcpp_minimal_service/test_results/examples_rclcpp_minimal_service/cpplint.xunit.xml
Using '--root=..' argument

Done processing /home/foxy/ros2_ws/src/examples/rclcpp/services/minimal_service/main.cpp

No problems found
-- run_test.py: return code 0
-- run_test.py: verify result file '/home/foxy/ros2_ws/build/examples_rclcpp_minimal_service/test_results/examples_rclcpp_minimal_service/cpplint.xunit.xml'
<end of output>
Test time =   0.91 sec
----------------------------------------------------------
Test Passed.
"cpplint" end time: Oct 13 08:43 PDT
"cpplint" time elapsed: 00:00:00
----------------------------------------------------------

4/6 Testing: lint_cmake
4/6 Test: lint_cmake
Command: "/usr/bin/python3" "-u" "/opt/ros/foxy/share/ament_cmake_test/cmake/run_test.py" "/home/foxy/ros2_ws/build/examples_rclcpp_minimal_service/test_results/examples_rclcpp_minimal_service/lint_cmake.xunit.xml" "--package-name" "examples_rclcpp_minimal_service" "--output-file" "/home/foxy/ros2_ws/build/examples_rclcpp_minimal_service/ament_lint_cmake/lint_cmake.txt" "--command" "/opt/ros/foxy/bin/ament_lint_cmake" "--xunit-file" "/home/foxy/ros2_ws/build/examples_rclcpp_minimal_service/test_results/examples_rclcpp_minimal_service/lint_cmake.xunit.xml"
Directory: /home/foxy/ros2_ws/src/examples/rclcpp/services/minimal_service
"lint_cmake" start time: Oct 13 08:43 PDT
Output:
----------------------------------------------------------
-- run_test.py: invoking following command in '/home/foxy/ros2_ws/src/examples/rclcpp/services/minimal_service':
 - /opt/ros/foxy/bin/ament_lint_cmake --xunit-file /home/foxy/ros2_ws/build/examples_rclcpp_minimal_service/test_results/examples_rclcpp_minimal_service/lint_cmake.xunit.xml

No problems found
-- run_test.py: return code 0
-- run_test.py: verify result file '/home/foxy/ros2_ws/build/examples_rclcpp_minimal_service/test_results/examples_rclcpp_minimal_service/lint_cmake.xunit.xml'
<end of output>
Test time =   0.97 sec
----------------------------------------------------------
Test Passed.
"lint_cmake" end time: Oct 13 08:43 PDT
"lint_cmake" time elapsed: 00:00:00
----------------------------------------------------------

5/6 Testing: uncrustify
5/6 Test: uncrustify
Command: "/usr/bin/python3" "-u" "/opt/ros/foxy/share/ament_cmake_test/cmake/run_test.py" "/home/foxy/ros2_ws/build/examples_rclcpp_minimal_service/test_results/examples_rclcpp_minimal_service/uncrustify.xunit.xml" "--package-name" "examples_rclcpp_minimal_service" "--output-file" "/home/foxy/ros2_ws/build/examples_rclcpp_minimal_service/ament_uncrustify/uncrustify.txt" "--command" "/opt/ros/foxy/bin/ament_uncrustify" "--xunit-file" "/home/foxy/ros2_ws/build/examples_rclcpp_minimal_service/test_results/examples_rclcpp_minimal_service/uncrustify.xunit.xml"
Directory: /home/foxy/ros2_ws/src/examples/rclcpp/services/minimal_service
"uncrustify" start time: Oct 13 08:43 PDT
Output:
----------------------------------------------------------
-- run_test.py: invoking following command in '/home/foxy/ros2_ws/src/examples/rclcpp/services/minimal_service':
 - /opt/ros/foxy/bin/ament_uncrustify --xunit-file /home/foxy/ros2_ws/build/examples_rclcpp_minimal_service/test_results/examples_rclcpp_minimal_service/uncrustify.xunit.xml
No code style divergence in file 'main.cpp'

No problems found
-- run_test.py: return code 0
-- run_test.py: verify result file '/home/foxy/ros2_ws/build/examples_rclcpp_minimal_service/test_results/examples_rclcpp_minimal_service/uncrustify.xunit.xml'
<end of output>
Test time =   1.20 sec
----------------------------------------------------------
Test Passed.
"uncrustify" end time: Oct 13 08:43 PDT
"uncrustify" time elapsed: 00:00:01
----------------------------------------------------------

6/6 Testing: xmllint
6/6 Test: xmllint
Command: "/usr/bin/python3" "-u" "/opt/ros/foxy/share/ament_cmake_test/cmake/run_test.py" "/home/foxy/ros2_ws/build/examples_rclcpp_minimal_service/test_results/examples_rclcpp_minimal_service/xmllint.xunit.xml" "--package-name" "examples_rclcpp_minimal_service" "--output-file" "/home/foxy/ros2_ws/build/examples_rclcpp_minimal_service/ament_xmllint/xmllint.txt" "--command" "/opt/ros/foxy/bin/ament_xmllint" "--xunit-file" "/home/foxy/ros2_ws/build/examples_rclcpp_minimal_service/test_results/examples_rclcpp_minimal_service/xmllint.xunit.xml"
Directory: /home/foxy/ros2_ws/src/examples/rclcpp/services/minimal_service
"xmllint" start time: Oct 13 08:43 PDT
Output:
----------------------------------------------------------
-- run_test.py: invoking following command in '/home/foxy/ros2_ws/src/examples/rclcpp/services/minimal_service':
 - /opt/ros/foxy/bin/ament_xmllint --xunit-file /home/foxy/ros2_ws/build/examples_rclcpp_minimal_service/test_results/examples_rclcpp_minimal_service/xmllint.xunit.xml
File 'package.xml' is valid

No problems found
-- run_test.py: return code 0
-- run_test.py: verify result file '/home/foxy/ros2_ws/build/examples_rclcpp_minimal_service/test_results/examples_rclcpp_minimal_service/xmllint.xunit.xml'
<end of output>
Test time =   4.17 sec
----------------------------------------------------------
Test Passed.
"xmllint" end time: Oct 13 08:43 PDT
"xmllint" time elapsed: 00:00:04
----------------------------------------------------------

End testing: Oct 13 08:43 PDT

copyright =   1.02 sec*proc

cppcheck =   1.00 sec*proc

cpplint =   0.91 sec*proc

lint_cmake =   0.97 sec*proc

linter =   9.26 sec*proc

uncrustify =   1.20 sec*proc

xmllint =   4.17 sec*proc

