<?xml version="1.0" encoding="UTF-8"?>
<Site BuildName="(empty)"
	BuildStamp="20221005-0524-Experimental"
	Name="ubuntu"
	Generator="ctest-3.16.3"
	CompilerName="/usr/bin/c++"
	CompilerVersion="9.4.0"
	OSName="Linux"
	Hostname="ubuntu"
	OSRelease="5.15.0-48-generic"
	OSVersion="#54~20.04.1-Ubuntu SMP Thu Sep 1 16:17:26 UTC 2022"
	OSPlatform="x86_64"
	Is64Bits="1"
	VendorString="GenuineIntel"
	VendorID="Intel Corporation"
	FamilyID="6"
	ModelID="142"
	ProcessorCacheSize="2048"
	NumberOfLogicalCPU="2"
	NumberOfPhysicalCPU="2"
	TotalVirtualMemory="923"
	TotalPhysicalMemory="1941"
	LogicalProcessorsPerPhysical="1"
	ProcessorClockFrequency="1896"
	>
	<Testing>
		<StartDateTime>Oct 04 22:24 PDT</StartDateTime>
		<StartTestTime>1664947458</StartTestTime>
		<TestList>
			<Test>./copyright</Test>
			<Test>./cppcheck</Test>
			<Test>./cpplint</Test>
			<Test>./lint_cmake</Test>
			<Test>./uncrustify</Test>
			<Test>./xmllint</Test>
		</TestList>
		<Test Status="passed">
			<Name>copyright</Name>
			<Path>.</Path>
			<FullName>./copyright</FullName>
			<FullCommandLine>/usr/bin/python3 "-u" "/opt/ros/foxy/share/ament_cmake_test/cmake/run_test.py" "/home/foxy/ros2_ws/build/examples_rclcpp_minimal_subscriber/test_results/examples_rclcpp_minimal_subscriber/copyright.xunit.xml" "--package-name" "examples_rclcpp_minimal_subscriber" "--output-file" "/home/foxy/ros2_ws/build/examples_rclcpp_minimal_subscriber/ament_copyright/copyright.txt" "--command" "/opt/ros/foxy/bin/ament_copyright" "--xunit-file" "/home/foxy/ros2_ws/build/examples_rclcpp_minimal_subscriber/test_results/examples_rclcpp_minimal_subscriber/copyright.xunit.xml"</FullCommandLine>
			<Results>
				<NamedMeasurement type="numeric/double" name="Execution Time">
					<Value>1.68897</Value>
				</NamedMeasurement>
				<NamedMeasurement type="numeric/double" name="Processors">
					<Value>1</Value>
				</NamedMeasurement>
				<NamedMeasurement type="text/string" name="Completion Status">
					<Value>Completed</Value>
				</NamedMeasurement>
				<NamedMeasurement type="text/string" name="Command Line">
					<Value>/usr/bin/python3 "-u" "/opt/ros/foxy/share/ament_cmake_test/cmake/run_test.py" "/home/foxy/ros2_ws/build/examples_rclcpp_minimal_subscriber/test_results/examples_rclcpp_minimal_subscriber/copyright.xunit.xml" "--package-name" "examples_rclcpp_minimal_subscriber" "--output-file" "/home/foxy/ros2_ws/build/examples_rclcpp_minimal_subscriber/ament_copyright/copyright.txt" "--command" "/opt/ros/foxy/bin/ament_copyright" "--xunit-file" "/home/foxy/ros2_ws/build/examples_rclcpp_minimal_subscriber/test_results/examples_rclcpp_minimal_subscriber/copyright.xunit.xml"</Value>
				</NamedMeasurement>
				<Measurement>
					<Value>-- run_test.py: invoking following command in '/home/foxy/ros2_ws/src/examples/rclcpp/topics/minimal_subscriber':
 - /opt/ros/foxy/bin/ament_copyright --xunit-file /home/foxy/ros2_ws/build/examples_rclcpp_minimal_subscriber/test_results/examples_rclcpp_minimal_subscriber/copyright.xunit.xml
No problems found, checked 3 files
-- run_test.py: return code 0
-- run_test.py: verify result file '/home/foxy/ros2_ws/build/examples_rclcpp_minimal_subscriber/test_results/examples_rclcpp_minimal_subscriber/copyright.xunit.xml'
</Value>
				</Measurement>
			</Results>
			<Labels>
				<Label>copyright</Label>
				<Label>linter</Label>
			</Labels>
		</Test>
		<Test Status="passed">
			<Name>cppcheck</Name>
			<Path>.</Path>
			<FullName>./cppcheck</FullName>
			<FullCommandLine>/usr/bin/python3 "-u" "/opt/ros/foxy/share/ament_cmake_test/cmake/run_test.py" "/home/foxy/ros2_ws/build/examples_rclcpp_minimal_subscriber/test_results/examples_rclcpp_minimal_subscriber/cppcheck.xunit.xml" "--package-name" "examples_rclcpp_minimal_subscriber" "--output-file" "/home/foxy/ros2_ws/build/examples_rclcpp_minimal_subscriber/ament_cppcheck/cppcheck.txt" "--command" "/opt/ros/foxy/bin/ament_cppcheck" "--xunit-file" "/home/foxy/ros2_ws/build/examples_rclcpp_minimal_subscriber/test_results/examples_rclcpp_minimal_subscriber/cppcheck.xunit.xml"</FullCommandLine>
			<Results>
				<NamedMeasurement type="numeric/double" name="Execution Time">
					<Value>1.02943</Value>
				</NamedMeasurement>
				<NamedMeasurement type="numeric/double" name="Processors">
					<Value>1</Value>
				</NamedMeasurement>
				<NamedMeasurement type="text/string" name="Completion Status">
					<Value>Completed</Value>
				</NamedMeasurement>
				<NamedMeasurement type="text/string" name="Command Line">
					<Value>/usr/bin/python3 "-u" "/opt/ros/foxy/share/ament_cmake_test/cmake/run_test.py" "/home/foxy/ros2_ws/build/examples_rclcpp_minimal_subscriber/test_results/examples_rclcpp_minimal_subscriber/cppcheck.xunit.xml" "--package-name" "examples_rclcpp_minimal_subscriber" "--output-file" "/home/foxy/ros2_ws/build/examples_rclcpp_minimal_subscriber/ament_cppcheck/cppcheck.txt" "--command" "/opt/ros/foxy/bin/ament_cppcheck" "--xunit-file" "/home/foxy/ros2_ws/build/examples_rclcpp_minimal_subscriber/test_results/examples_rclcpp_minimal_subscriber/cppcheck.xunit.xml"</Value>
				</NamedMeasurement>
				<Measurement>
					<Value>-- run_test.py: invoking following command in '/home/foxy/ros2_ws/src/examples/rclcpp/topics/minimal_subscriber':
 - /opt/ros/foxy/bin/ament_cppcheck --xunit-file /home/foxy/ros2_ws/build/examples_rclcpp_minimal_subscriber/test_results/examples_rclcpp_minimal_subscriber/cppcheck.xunit.xml
No problems found
-- run_test.py: return code 0
-- run_test.py: verify result file '/home/foxy/ros2_ws/build/examples_rclcpp_minimal_subscriber/test_results/examples_rclcpp_minimal_subscriber/cppcheck.xunit.xml'
</Value>
				</Measurement>
			</Results>
			<Labels>
				<Label>cppcheck</Label>
				<Label>linter</Label>
			</Labels>
		</Test>
		<Test Status="passed">
			<Name>cpplint</Name>
			<Path>.</Path>
			<FullName>./cpplint</FullName>
			<FullCommandLine>/usr/bin/python3 "-u" "/opt/ros/foxy/share/ament_cmake_test/cmake/run_test.py" "/home/foxy/ros2_ws/build/examples_rclcpp_minimal_subscriber/test_results/examples_rclcpp_minimal_subscriber/cpplint.xunit.xml" "--package-name" "examples_rclcpp_minimal_subscriber" "--output-file" "/home/foxy/ros2_ws/build/examples_rclcpp_minimal_subscriber/ament_cpplint/cpplint.txt" "--command" "/opt/ros/foxy/bin/ament_cpplint" "--xunit-file" "/home/foxy/ros2_ws/build/examples_rclcpp_minimal_subscriber/test_results/examples_rclcpp_minimal_subscriber/cpplint.xunit.xml"</FullCommandLine>
			<Results>
				<NamedMeasurement type="numeric/double" name="Execution Time">
					<Value>1.01799</Value>
				</NamedMeasurement>
				<NamedMeasurement type="numeric/double" name="Processors">
					<Value>1</Value>
				</NamedMeasurement>
				<NamedMeasurement type="text/string" name="Completion Status">
					<Value>Completed</Value>
				</NamedMeasurement>
				<NamedMeasurement type="text/string" name="Command Line">
					<Value>/usr/bin/python3 "-u" "/opt/ros/foxy/share/ament_cmake_test/cmake/run_test.py" "/home/foxy/ros2_ws/build/examples_rclcpp_minimal_subscriber/test_results/examples_rclcpp_minimal_subscriber/cpplint.xunit.xml" "--package-name" "examples_rclcpp_minimal_subscriber" "--output-file" "/home/foxy/ros2_ws/build/examples_rclcpp_minimal_subscriber/ament_cpplint/cpplint.txt" "--command" "/opt/ros/foxy/bin/ament_cpplint" "--xunit-file" "/home/foxy/ros2_ws/build/examples_rclcpp_minimal_subscriber/test_results/examples_rclcpp_minimal_subscriber/cpplint.xunit.xml"</Value>
				</NamedMeasurement>
				<Measurement>
					<Value>-- run_test.py: invoking following command in '/home/foxy/ros2_ws/src/examples/rclcpp/topics/minimal_subscriber':
 - /opt/ros/foxy/bin/ament_cpplint --xunit-file /home/foxy/ros2_ws/build/examples_rclcpp_minimal_subscriber/test_results/examples_rclcpp_minimal_subscriber/cpplint.xunit.xml
Using '--root=..' argument

Done processing /home/foxy/ros2_ws/src/examples/rclcpp/topics/minimal_subscriber/lambda.cpp

Done processing /home/foxy/ros2_ws/src/examples/rclcpp/topics/minimal_subscriber/member_function.cpp

Done processing /home/foxy/ros2_ws/src/examples/rclcpp/topics/minimal_subscriber/not_composable.cpp

No problems found
-- run_test.py: return code 0
-- run_test.py: verify result file '/home/foxy/ros2_ws/build/examples_rclcpp_minimal_subscriber/test_results/examples_rclcpp_minimal_subscriber/cpplint.xunit.xml'
</Value>
				</Measurement>
			</Results>
			<Labels>
				<Label>cpplint</Label>
				<Label>linter</Label>
			</Labels>
		</Test>
		<Test Status="passed">
			<Name>lint_cmake</Name>
			<Path>.</Path>
			<FullName>./lint_cmake</FullName>
			<FullCommandLine>/usr/bin/python3 "-u" "/opt/ros/foxy/share/ament_cmake_test/cmake/run_test.py" "/home/foxy/ros2_ws/build/examples_rclcpp_minimal_subscriber/test_results/examples_rclcpp_minimal_subscriber/lint_cmake.xunit.xml" "--package-name" "examples_rclcpp_minimal_subscriber" "--output-file" "/home/foxy/ros2_ws/build/examples_rclcpp_minimal_subscriber/ament_lint_cmake/lint_cmake.txt" "--command" "/opt/ros/foxy/bin/ament_lint_cmake" "--xunit-file" "/home/foxy/ros2_ws/build/examples_rclcpp_minimal_subscriber/test_results/examples_rclcpp_minimal_subscriber/lint_cmake.xunit.xml"</FullCommandLine>
			<Results>
				<NamedMeasurement type="numeric/double" name="Execution Time">
					<Value>0.791139</Value>
				</NamedMeasurement>
				<NamedMeasurement type="numeric/double" name="Processors">
					<Value>1</Value>
				</NamedMeasurement>
				<NamedMeasurement type="text/string" name="Completion Status">
					<Value>Completed</Value>
				</NamedMeasurement>
				<NamedMeasurement type="text/string" name="Command Line">
					<Value>/usr/bin/python3 "-u" "/opt/ros/foxy/share/ament_cmake_test/cmake/run_test.py" "/home/foxy/ros2_ws/build/examples_rclcpp_minimal_subscriber/test_results/examples_rclcpp_minimal_subscriber/lint_cmake.xunit.xml" "--package-name" "examples_rclcpp_minimal_subscriber" "--output-file" "/home/foxy/ros2_ws/build/examples_rclcpp_minimal_subscriber/ament_lint_cmake/lint_cmake.txt" "--command" "/opt/ros/foxy/bin/ament_lint_cmake" "--xunit-file" "/home/foxy/ros2_ws/build/examples_rclcpp_minimal_subscriber/test_results/examples_rclcpp_minimal_subscriber/lint_cmake.xunit.xml"</Value>
				</NamedMeasurement>
				<Measurement>
					<Value>-- run_test.py: invoking following command in '/home/foxy/ros2_ws/src/examples/rclcpp/topics/minimal_subscriber':
 - /opt/ros/foxy/bin/ament_lint_cmake --xunit-file /home/foxy/ros2_ws/build/examples_rclcpp_minimal_subscriber/test_results/examples_rclcpp_minimal_subscriber/lint_cmake.xunit.xml

No problems found
-- run_test.py: return code 0
-- run_test.py: verify result file '/home/foxy/ros2_ws/build/examples_rclcpp_minimal_subscriber/test_results/examples_rclcpp_minimal_subscriber/lint_cmake.xunit.xml'
</Value>
				</Measurement>
			</Results>
			<Labels>
				<Label>lint_cmake</Label>
				<Label>linter</Label>
			</Labels>
		</Test>
		<Test Status="passed">
			<Name>uncrustify</Name>
			<Path>.</Path>
			<FullName>./uncrustify</FullName>
			<FullCommandLine>/usr/bin/python3 "-u" "/opt/ros/foxy/share/ament_cmake_test/cmake/run_test.py" "/home/foxy/ros2_ws/build/examples_rclcpp_minimal_subscriber/test_results/examples_rclcpp_minimal_subscriber/uncrustify.xunit.xml" "--package-name" "examples_rclcpp_minimal_subscriber" "--output-file" "/home/foxy/ros2_ws/build/examples_rclcpp_minimal_subscriber/ament_uncrustify/uncrustify.txt" "--command" "/opt/ros/foxy/bin/ament_uncrustify" "--xunit-file" "/home/foxy/ros2_ws/build/examples_rclcpp_minimal_subscriber/test_results/examples_rclcpp_minimal_subscriber/uncrustify.xunit.xml"</FullCommandLine>
			<Results>
				<NamedMeasurement type="numeric/double" name="Execution Time">
					<Value>0.832687</Value>
				</NamedMeasurement>
				<NamedMeasurement type="numeric/double" name="Processors">
					<Value>1</Value>
				</NamedMeasurement>
				<NamedMeasurement type="text/string" name="Completion Status">
					<Value>Completed</Value>
				</NamedMeasurement>
				<NamedMeasurement type="text/string" name="Command Line">
					<Value>/usr/bin/python3 "-u" "/opt/ros/foxy/share/ament_cmake_test/cmake/run_test.py" "/home/foxy/ros2_ws/build/examples_rclcpp_minimal_subscriber/test_results/examples_rclcpp_minimal_subscriber/uncrustify.xunit.xml" "--package-name" "examples_rclcpp_minimal_subscriber" "--output-file" "/home/foxy/ros2_ws/build/examples_rclcpp_minimal_subscriber/ament_uncrustify/uncrustify.txt" "--command" "/opt/ros/foxy/bin/ament_uncrustify" "--xunit-file" "/home/foxy/ros2_ws/build/examples_rclcpp_minimal_subscriber/test_results/examples_rclcpp_minimal_subscriber/uncrustify.xunit.xml"</Value>
				</NamedMeasurement>
				<Measurement>
					<Value>-- run_test.py: invoking following command in '/home/foxy/ros2_ws/src/examples/rclcpp/topics/minimal_subscriber':
 - /opt/ros/foxy/bin/ament_uncrustify --xunit-file /home/foxy/ros2_ws/build/examples_rclcpp_minimal_subscriber/test_results/examples_rclcpp_minimal_subscriber/uncrustify.xunit.xml
No code style divergence in file 'lambda.cpp'

No code style divergence in file 'member_function.cpp'

No code style divergence in file 'not_composable.cpp'

No problems found
-- run_test.py: return code 0
-- run_test.py: verify result file '/home/foxy/ros2_ws/build/examples_rclcpp_minimal_subscriber/test_results/examples_rclcpp_minimal_subscriber/uncrustify.xunit.xml'
</Value>
				</Measurement>
			</Results>
			<Labels>
				<Label>linter</Label>
				<Label>uncrustify</Label>
			</Labels>
		</Test>
		<Test Status="passed">
			<Name>xmllint</Name>
			<Path>.</Path>
			<FullName>./xmllint</FullName>
			<FullCommandLine>/usr/bin/python3 "-u" "/opt/ros/foxy/share/ament_cmake_test/cmake/run_test.py" "/home/foxy/ros2_ws/build/examples_rclcpp_minimal_subscriber/test_results/examples_rclcpp_minimal_subscriber/xmllint.xunit.xml" "--package-name" "examples_rclcpp_minimal_subscriber" "--output-file" "/home/foxy/ros2_ws/build/examples_rclcpp_minimal_subscriber/ament_xmllint/xmllint.txt" "--command" "/opt/ros/foxy/bin/ament_xmllint" "--xunit-file" "/home/foxy/ros2_ws/build/examples_rclcpp_minimal_subscriber/test_results/examples_rclcpp_minimal_subscriber/xmllint.xunit.xml"</FullCommandLine>
			<Results>
				<NamedMeasurement type="numeric/double" name="Execution Time">
					<Value>1.33858</Value>
				</NamedMeasurement>
				<NamedMeasurement type="numeric/double" name="Processors">
					<Value>1</Value>
				</NamedMeasurement>
				<NamedMeasurement type="text/string" name="Completion Status">
					<Value>Completed</Value>
				</NamedMeasurement>
				<NamedMeasurement type="text/string" name="Command Line">
					<Value>/usr/bin/python3 "-u" "/opt/ros/foxy/share/ament_cmake_test/cmake/run_test.py" "/home/foxy/ros2_ws/build/examples_rclcpp_minimal_subscriber/test_results/examples_rclcpp_minimal_subscriber/xmllint.xunit.xml" "--package-name" "examples_rclcpp_minimal_subscriber" "--output-file" "/home/foxy/ros2_ws/build/examples_rclcpp_minimal_subscriber/ament_xmllint/xmllint.txt" "--command" "/opt/ros/foxy/bin/ament_xmllint" "--xunit-file" "/home/foxy/ros2_ws/build/examples_rclcpp_minimal_subscriber/test_results/examples_rclcpp_minimal_subscriber/xmllint.xunit.xml"</Value>
				</NamedMeasurement>
				<Measurement>
					<Value>-- run_test.py: invoking following command in '/home/foxy/ros2_ws/src/examples/rclcpp/topics/minimal_subscriber':
 - /opt/ros/foxy/bin/ament_xmllint --xunit-file /home/foxy/ros2_ws/build/examples_rclcpp_minimal_subscriber/test_results/examples_rclcpp_minimal_subscriber/xmllint.xunit.xml
File 'package.xml' is valid

No problems found
-- run_test.py: return code 0
-- run_test.py: verify result file '/home/foxy/ros2_ws/build/examples_rclcpp_minimal_subscriber/test_results/examples_rclcpp_minimal_subscriber/xmllint.xunit.xml'
</Value>
				</Measurement>
			</Results>
			<Labels>
				<Label>linter</Label>
				<Label>xmllint</Label>
			</Labels>
		</Test>
		<EndDateTime>Oct 04 22:24 PDT</EndDateTime>
		<EndTestTime>1664947465</EndTestTime>
		<ElapsedMinutes>0</ElapsedMinutes>
	</Testing>
</Site>
