[0.815s] Invoking command in '/home/foxy/ros2_ws/src/py_srvcli': AMENT_PREFIX_PATH=/home/foxy/ros2_ws/install/py_srvcli:${AMENT_PREFIX_PATH} PYTEST_ADDOPTS=--tb=short --junit-xml=/home/foxy/ros2_ws/build/py_srvcli/pytest.xml --junit-prefix=py_srvcli -o cache_dir=/home/foxy/ros2_ws/build/py_srvcli/.pytest_cache PYTHONPATH=/home/foxy/ros2_ws/build/py_srvcli:/home/foxy/ros2_ws/install/py_srvcli/lib/python3.8/site-packages:${PYTHONPATH} /usr/bin/python3 -m pytest
[3.733s] [1m============================= test session starts ==============================[0m
[3.734s] platform linux -- Python 3.8.10, pytest-4.6.9, py-1.8.1, pluggy-0.13.0
[3.751s] cachedir: /home/foxy/ros2_ws/build/py_srvcli/.pytest_cache
[3.755s] rootdir: /home/foxy/ros2_ws/src/py_srvcli
[3.756s] plugins: ament-copyright-0.9.7, ament-lint-0.9.7, ament-xmllint-0.9.7, ament-flake8-0.9.7, launch-testing-ros-0.11.7, launch-testing-0.10.9, ament-pep257-0.9.7, colcon-core-0.10.0, cov-2.8.1
[4.026s] [1mcollecting ... [0m[1m
[4.027s] collected 3 items                                                              [0m
[4.031s] 
[4.158s] test/test_copyright.py [31mF[0m[36m                                                 [ 33%][0m
[4.445s] test/test_flake8.py [31mF[0m[36m                                                    [ 66%][0m
[4.495s] test/test_pep257.py [32m.[0m[36m                                                    [100%][0m
[4.496s] 
[4.499s] [33m=============================== warnings summary ===============================[0m
[4.524s] /usr/lib/python3/dist-packages/pydocstyle/config.py:6
[4.524s]   Warning: Using or importing the ABCs from 'collections' instead of from 'collections.abc' is deprecated since Python 3.3, and in 3.10 it will stop working
[4.525s] 
[4.525s] -- Docs: https://docs.pytest.org/en/latest/warnings.html
[4.525s] =================================== FAILURES ===================================
[4.525s] [31m[1m________________________________ test_copyright ________________________________[0m
[4.525s] [1m[31mtest/test_copyright.py[0m:23: in test_copyright
[4.525s] [1m    assert rc == 0, 'Found errors'[0m
[4.525s] [1m[31mE   AssertionError: Found errors[0m
[4.525s] [1m[31mE   assert 1 == 0[0m
[4.526s] ----------------------------- Captured stderr call -----------------------------
[4.526s] py_srvcli/client_member_function.py: could not find copyright notice
[4.526s] py_srvcli/service_member_function.py: could not find copyright notice
[4.526s] 2 errors, checked 6 files
[4.526s] [31m[1m_________________________________ test_flake8 __________________________________[0m
[4.526s] [1m[31mtest/test_flake8.py[0m:23: in test_flake8
[4.526s] [1m    assert rc == 0, \[0m
[4.527s] [1m[31mE   AssertionError: Found 3 code style errors / warnings:[0m
[4.528s] [1m[31mE     ./setup.py:23:9: E122 continuation line missing indentation or outdented[0m
[4.528s] [1m[31mE     ./setup.py:24:9: E122 continuation line missing indentation or outdented[0m
[4.528s] [1m[31mE     ./setup.py:26:7: W291 trailing whitespace[0m
[4.528s] [1m[31mE   assert 1 == 0[0m
[4.528s] ----------------------------- Captured stdout call -----------------------------
[4.528s] 
[4.528s] ./setup.py:23:9: E122 continuation line missing indentation or outdented
[4.528s]         'service = py_srvcli.service_member_function:main',
[4.529s]         ^
[4.529s] 
[4.529s] ./setup.py:24:9: E122 continuation line missing indentation or outdented
[4.529s]         'client = py_srvcli.client_member_function:main',
[4.529s]         ^
[4.529s] 
[4.529s] ./setup.py:26:7: W291 trailing whitespace
[4.529s]     }, 
[4.530s]       ^
[4.530s] 
[4.530s] 2     E122 continuation line missing indentation or outdented
[4.530s] 1     W291 trailing whitespace
[4.530s] 
[4.530s] 7 files checked
[4.530s] 3 errors
[4.530s] 
[4.530s] 'E'-type errors: 2
[4.531s] 'W'-type errors: 1
[4.531s] 
[4.531s] Checked files:
[4.531s] 
[4.531s] * ./setup.py
[4.531s] * ./py_srvcli/service_member_function.py
[4.531s] * ./py_srvcli/__init__.py
[4.531s] * ./py_srvcli/client_member_function.py
[4.531s] * ./test/test_copyright.py
[4.532s] * ./test/test_flake8.py
[4.532s] * ./test/test_pep257.py
[4.532s] ------ generated xml file: /home/foxy/ros2_ws/build/py_srvcli/pytest.xml -------
[4.567s] [31m[1m================ 2 failed, 1 passed, 1 warnings in 0.77 seconds ================[0m
[4.661s] Invoked command in '/home/foxy/ros2_ws/src/py_srvcli' returned '1': AMENT_PREFIX_PATH=/home/foxy/ros2_ws/install/py_srvcli:${AMENT_PREFIX_PATH} PYTEST_ADDOPTS=--tb=short --junit-xml=/home/foxy/ros2_ws/build/py_srvcli/pytest.xml --junit-prefix=py_srvcli -o cache_dir=/home/foxy/ros2_ws/build/py_srvcli/.pytest_cache PYTHONPATH=/home/foxy/ros2_ws/build/py_srvcli:/home/foxy/ros2_ws/install/py_srvcli/lib/python3.8/site-packages:${PYTHONPATH} /usr/bin/python3 -m pytest
